<?xml version="1.0" encoding="UTF-8"?>
<!-- Generated by org.testng.reporters.JUnitReportReporter -->
<testsuite hostname="vaidyanathan" failures="0" tests="2" name="qaclickacademy.appiumTest" time="0.001" errors="0" timestamp="2020-04-19T09:02:45 IST" skipped="0">
  <testcase classname="qaclickacademy.appiumTest" name="iosapps" time="0.000"/>
  <system-out/>
  <testcase classname="qaclickacademy.appiumTest" name="nativeappandroid" time="0.001"/>
  <system-out/>
</testsuite> <!-- qaclickacademy.appiumTest -->
