<?xml version="1.0" encoding="UTF-8"?>
<!-- Generated by org.testng.reporters.JUnitReportReporter -->
<testsuite hostname="vaidyanathan" failures="0" tests="2" name="qaclickacademy.seleniumTest" time="0.001" errors="0" timestamp="2020-04-19T09:03:03 IST" skipped="0">
  <testcase classname="qaclickacademy.seleniumTest" name="elementsui" time="0.000"/>
  <system-out/>
  <testcase classname="qaclickacademy.seleniumTest" name="browserautomation" time="0.001"/>
  <system-out/>
</testsuite> <!-- qaclickacademy.seleniumTest -->
