<?xml version="1.0" encoding="UTF-8"?>
<!-- Generated by org.testng.reporters.JUnitReportReporter -->
<testsuite hostname="vaidyanathan" failures="0" tests="2" name="qaclickacademy.restapiTest" time="0.005" errors="0" timestamp="2020-04-19T09:03:03 IST" skipped="0">
  <testcase classname="qaclickacademy.restapiTest" name="deletetwitter" time="0.005"/>
  <system-out/>
  <testcase classname="qaclickacademy.restapiTest" name="postjira" time="0.000"/>
  <system-out/>
</testsuite> <!-- qaclickacademy.restapiTest -->
